phase2/app/build/intermediates/manifest_merge_blame_file/debug/manifest-merger-blame-debug-report.txt
1<?xml version="1.0" encoding="utf-8"?>
2<manifest xmlns:android="http://schemas.android.com/apk/res/android"
3    package="com.example.userinterface"
4    android:versionCode="1"
5    android:versionName="1.0" >
6
7    <uses-sdk
8        android:minSdkVersion="15"
8-->src/main/AndroidManifest.xml
9        android:targetSdkVersion="29" />
9-->src/main/AndroidManifest.xml
10
11    <uses-permission android:name="android.permission.INTERNET" />
11-->src/main/AndroidManifest.xml:5:5-67
11-->src/main/AndroidManifest.xml:5:22-64
12    <uses-permission android:name="android.permission.ACCESS_NETWORK_STATE" />
12-->src/main/AndroidManifest.xml:6:5-79
12-->src/main/AndroidManifest.xml:6:22-76
13    <uses-permission android:name="android.permission.ACCESS_WIFI_STATE" />
13-->src/main/AndroidManifest.xml:7:5-76
13-->src/main/AndroidManifest.xml:7:22-73
14
15    <application
15-->src/main/AndroidManifest.xml:9:5-33:19
16        android:allowBackup="true"
16-->src/main/AndroidManifest.xml:10:9-35
17        android:appComponentFactory="androidx.core.app.CoreComponentFactory"
17-->[androidx.core:core:1.1.0] AndroidManifest.xml:24:18-86
18        android:debuggable="true"
19        android:icon="@mipmap/ic_launcher"
19-->src/main/AndroidManifest.xml:11:9-43
20        android:networkSecurityConfig="@xml/network_security_config"
20-->src/main/AndroidManifest.xml:12:9-69
21        android:roundIcon="@mipmap/ic_launcher_round"
21-->src/main/AndroidManifest.xml:13:9-54
22        android:supportsRtl="true"
22-->src/main/AndroidManifest.xml:14:9-35
23        android:testOnly="true"
24        android:theme="@style/AppTheme" >
24-->src/main/AndroidManifest.xml:15:9-40
25        <activity android:name="com.example.userinterface.GameManager.GameActivity" />
25-->src/main/AndroidManifest.xml:16:9-71
25-->src/main/AndroidManifest.xml:16:19-59
26        <activity android:name="com.example.userinterface.GameManager.EndGame" />
26-->src/main/AndroidManifest.xml:17:9-57
26-->src/main/AndroidManifest.xml:17:19-54
27        <activity android:name="com.example.userinterface.GameManager.NextGame" />
27-->src/main/AndroidManifest.xml:18:9-58
27-->src/main/AndroidManifest.xml:18:19-55
28        <activity android:name="com.example.userinterface.GameManager.Stats" />
28-->src/main/AndroidManifest.xml:19:9-55
28-->src/main/AndroidManifest.xml:19:19-52
29        <activity android:name="com.example.userinterface.GameManager.MenuActivity" />
29-->src/main/AndroidManifest.xml:20:9-62
29-->src/main/AndroidManifest.xml:20:19-59
30        <activity android:name="com.example.userinterface.GameManager.TowerDefense.TowerDefenseActivity" />
30-->src/main/AndroidManifest.xml:21:9-83
30-->src/main/AndroidManifest.xml:21:19-80
31        <activity android:name="com.example.userinterface.GameManager.SpaceInvaders.SpaceActivity" />
31-->src/main/AndroidManifest.xml:22:9-77
31-->src/main/AndroidManifest.xml:22:19-74
32        <activity android:name="com.example.userinterface.GameManager.HangMan.HangManGameActivity" />
32-->src/main/AndroidManifest.xml:23:9-77
32-->src/main/AndroidManifest.xml:23:19-74
33        <activity android:name="com.example.userinterface.GameManager.HangMan.HangManActivity" />
33-->src/main/AndroidManifest.xml:24:9-73
33-->src/main/AndroidManifest.xml:24:19-70
34        <activity android:name="com.example.userinterface.SignupActivity" />
34-->src/main/AndroidManifest.xml:25:9-52
34-->src/main/AndroidManifest.xml:25:19-49
35        <activity android:name="com.example.userinterface.MainActivity" >
35-->src/main/AndroidManifest.xml:26:9-32:20
35-->src/main/AndroidManifest.xml:26:19-47
36            <intent-filter>
36-->src/main/AndroidManifest.xml:27:13-31:29
37                <action android:name="android.intent.action.MAIN" />
37-->src/main/AndroidManifest.xml:28:17-69
37-->src/main/AndroidManifest.xml:28:25-66
38
39                <category android:name="android.intent.category.LAUNCHER" />
39-->src/main/AndroidManifest.xml:30:17-77
39-->src/main/AndroidManifest.xml:30:27-74
40            </intent-filter>
41        </activity>
42    </application>
43
44</manifest>